  Building Custom Rule C:/Users/jm777/Desktop/janusvr/bullet3/src/Bullet3OpenCL/CMakeLists.txt
  CMake does not need to re-run because C:/Users/jm777/Desktop/janusvr/bullet3/src/Bullet3OpenCL/CMakeFiles/generate.stamp is up-to-date.
  clew.c
  b3GpuGridBroadphase.cpp
c:\users\jm777\desktop\janusvr\bullet3\src\bullet3opencl\broadphasecollision\b3gpugridbroadphase.cpp(248): warning C4018: '<': signed/unsigned mismatch
  b3GpuSapBroadphase.cpp
  b3GpuParallelLinearBvhBroadphase.cpp
  b3GpuParallelLinearBvh.cpp
  b3OpenCLUtils.cpp
  b3ContactCache.cpp
  b3ConvexHullContact.cpp
  b3GjkEpa.cpp
  b3OptimizedBvh.cpp
  b3QuantizedBvh.cpp
  b3StridingMeshInterface.cpp
  b3TriangleCallback.cpp
  b3TriangleIndexVertexArray.cpp
  b3VoronoiSimplexSolver.cpp
  b3BoundSearchCL.cpp
  b3FillCL.cpp
  b3LauncherCL.cpp
  b3PrefixScanCL.cpp
  b3PrefixScanFloat4CL.cpp
  b3RadixSort32CL.cpp
  Generating Code...
  Compiling...
  b3GpuRaycast.cpp
c:\users\jm777\desktop\janusvr\bullet3\src\bullet3opencl\raycast\b3gpuraycast.cpp(302): warning C4018: '>': signed/unsigned mismatch
  b3GpuGenericConstraint.cpp
  b3GpuJacobiContactSolver.cpp
  b3GpuNarrowPhase.cpp
  b3GpuPgsConstraintSolver.cpp
  b3GpuPgsContactSolver.cpp
  b3GpuRigidBodyPipeline.cpp
c:\users\jm777\desktop\janusvr\bullet3\src\bullet3opencl\rigidbody\b3gpurigidbodypipeline.cpp(67): warning C4316: 'b3GpuRigidBodyPipelineInternalData': object allocated on the heap may not be aligned 16
  b3Solver.cpp
  Generating Code...
  Bullet3OpenCL_clew.vcxproj -> C:\Users\jm777\Desktop\janusvr\bullet3\lib\Release\Bullet3OpenCL_clew.lib
